<?xml version="1.0" encoding="utf-8" standalone="no"?>
<!--This file represents the results of running a test suite-->
<test-results name="C:\Users\Nathan\Desktop\marc.celani\ZRTS\ZRTS\bin\x86\Debug\ZRTS.exe" total="6" errors="0" failures="0" not-run="0" inconclusive="0" ignored="0" skipped="0" invalid="0" date="2011-04-17" time="03:00:01">
  <environment nunit-version="2.5.9.10348" clr-version="2.0.50727.4959" os-version="Microsoft Windows NT 6.1.7600.0" platform="Win32NT" cwd="C:\Program Files (x86)\NUnit 2.5.9\bin\net-2.0" machine-name="NATHAN-PC" user="Nathan" user-domain="Nathan-PC" />
  <culture-info current-culture="en-US" current-uiculture="en-US" />
  <test-suite type="Assembly" name="C:\Users\Nathan\Desktop\marc.celani\ZRTS\ZRTS\bin\x86\Debug\ZRTS.exe" executed="True" result="Success" success="True" time="0.786" asserts="0">
    <results>
      <test-suite type="Namespace" name="ZRTS" executed="True" result="Success" success="True" time="0.777" asserts="0">
        <results>
          <test-suite type="TestFixture" name="TestPlacingBuildingOntheMap" executed="True" result="Success" success="True" time="0.774" asserts="0">
            <results>
              <test-case name="ZRTS.TestPlacingBuildingOntheMap.TestCannotOverlapPlacingBuilding" executed="True" result="Success" success="True" time="0.634" asserts="7" />
              <test-case name="ZRTS.TestPlacingBuildingOntheMap.TestCannotPlaceBuildingOnOccupiedSpace" executed="True" result="Success" success="True" time="0.023" asserts="10" />
              <test-case name="ZRTS.TestPlacingBuildingOntheMap.TestCannotPlaceBuildingOutsideMap" executed="True" result="Success" success="True" time="0.008" asserts="7" />
              <test-case name="ZRTS.TestPlacingBuildingOntheMap.TestPlacingBuildingOnMap" executed="True" result="Success" success="True" time="0.033" asserts="8" />
              <test-case name="ZRTS.TestPlacingBuildingOntheMap.TestRemoveBuildingFromMap" executed="True" result="Success" success="True" time="0.002" asserts="1" />
              <test-case name="ZRTS.TestPlacingBuildingOntheMap.TestSelectCorrectUnit" executed="True" result="Success" success="True" time="0.014" asserts="4" />
            </results>
          </test-suite>
        </results>
      </test-suite>
    </results>
  </test-suite>
</test-results>